<?xml version="1.0" encoding="UTF-8"?>
<testng-results ignored="0" total="1" passed="1" failed="0" skipped="0">
  <reporter-output>
  </reporter-output>
  <suite started-at="2022-10-04T18:39:43 IST" name="Suite" finished-at="2022-10-04T18:40:02 IST" duration-ms="18796">
    <groups>
    </groups>
    <test started-at="2022-10-04T18:39:43 IST" name="Test" finished-at="2022-10-04T18:40:02 IST" duration-ms="18796">
      <class name="com.simplilearn.testng.NewTest">
        <test-method is-config="true" signature="beforeMethod()[pri:0, instance:com.simplilearn.testng.NewTest@73eb439a]" started-at="2022-10-04T18:39:43 IST" name="beforeMethod" finished-at="2022-10-04T18:39:45 IST" duration-ms="1660" status="PASS">
          <reporter-output>
          </reporter-output>
        </test-method> <!-- beforeMethod -->
        <test-method signature="oracle()[pri:0, instance:com.simplilearn.testng.NewTest@73eb439a]" started-at="2022-10-04T18:39:45 IST" name="oracle" finished-at="2022-10-04T18:40:02 IST" duration-ms="17102" status="PASS">
          <reporter-output>
          </reporter-output>
        </test-method> <!-- oracle -->
        <test-method is-config="true" signature="afterMethod()[pri:0, instance:com.simplilearn.testng.NewTest@73eb439a]" started-at="2022-10-04T18:40:02 IST" name="afterMethod" finished-at="2022-10-04T18:40:02 IST" duration-ms="0" status="PASS">
          <reporter-output>
          </reporter-output>
        </test-method> <!-- afterMethod -->
      </class> <!-- com.simplilearn.testng.NewTest -->
    </test> <!-- Test -->
  </suite> <!-- Suite -->
</testng-results>
